<?xml version="1.0"?>
<testsuite name="Chrome 50.0.2661 (Mac OS X 10.11.4)" package="norrisApp_tests" timestamp="2016-05-19T20:52:01" id="0" hostname="c02md82sfgyy" tests="1" errors="1" failures="1" time="0.007">
  <properties>
    <property name="browser.fullName" value="Mozilla/5.0 (Macintosh; Intel Mac OS X 10_11_4) AppleWebKit/537.36 (KHTML, like Gecko) Chrome/50.0.2661.102 Safari/537.36"/>
  </properties>
  <testcase name="angularjs homepage todo list should add a todo" time="0.007" classname="Chrome_50_0_2661_(Mac_OS_X_10_11_4).norrisApp_tests.angularjs homepage todo list">
    <failure type="">ReferenceError: browser is not defined
    at Object.&lt;anonymous&gt; (/Users/wjinks/Norris/norris/tests/app/joke/joke.controller.test.js:3:5)
</failure>
  </testcase>
  <system-out>
    <![CDATA[PhantomJS 2.1.1 (Mac OS X 0.0.0) LOG: 'WARNING: Tried to load angular more than once.'
,Chrome 50.0.2661 (Mac OS X 10.11.4) LOG: 'WARNING: Tried to load angular more than once.'

]]>
  </system-out>
  <system-err/>
</testsuite>